GROUP,PACKAGE,CLASS,INSTRUCTION_MISSED,INSTRUCTION_COVERED,BRANCH_MISSED,BRANCH_COVERED,LINE_MISSED,LINE_COVERED,COMPLEXITY_MISSED,COMPLEXITY_COVERED,METHOD_MISSED,METHOD_COVERED
datalayer,se.liu.ida.tdp024.account.data.impl.db.facade,AccountEntityFacadeDB,79,222,11,5,22,64,7,8,0,7
datalayer,se.liu.ida.tdp024.account.data.impl.db.facade,TransactionEntityFacadeDB,24,31,0,0,8,11,1,3,1,3
datalayer,se.liu.ida.tdp024.account.data.impl.db.entity,TransactionDB,18,32,0,0,6,13,6,7,6,7
datalayer,se.liu.ida.tdp024.account.data.impl.db.entity,AccountDB,3,31,0,0,1,13,1,9,1,9
